<?xml version="1.0" encoding="UTF-8"?>
<!-- Generated by org.testng.reporters.JUnitXMLReporter -->
<testsuite ignored="0" hostname="Santanu" failures="0" tests="2" name="Default test" time="18.549" errors="0" timestamp="2023-11-11T18:47:53 IST">
  <testcase classname="Santanu.SeleniumFrameWorkDesign.tests.ErrorValidation" name="loginErrorValidations" time="0.269"/>
  <testcase classname="Santanu.SeleniumFrameWorkDesign.tests.ErrorValidation" name="productPageErrorValidations" time="12.47"/>
</testsuite> <!-- Default test -->
