<?xml version="1.0" encoding="UTF-8"?>
<!-- Generated by org.testng.reporters.JUnitXMLReporter -->
<testsuite ignored="0" hostname="Santanu" failures="0" tests="2" name="Default test" time="25.933" errors="0" timestamp="2025-01-11T22:26:20 IST">
  <testcase classname="Santanu.SeleniumFrameWorkDesign.tests.ErrorValidation" name="loginErrorValidations" time="1.073"/>
  <testcase classname="Santanu.SeleniumFrameWorkDesign.tests.ErrorValidation" name="productPageErrorValidations" time="12.933"/>
</testsuite> <!-- Default test -->
