<?xml version="1.0" encoding="UTF-8"?>
<!-- Generated by org.testng.reporters.JUnitXMLReporter -->
<testsuite ignored="2" hostname="Santanu" failures="0" tests="0" time="0.01" errors="0" timestamp="2023-11-05T22:20:49 IST">
  <testcase classname="Santanu.SeleniumFrameWorkDesign.tests.ErrorValidation" name="productPageErrorValidations" time="0.0">
    <ignored/>
  </testcase> <!-- productPageErrorValidations -->
  <testcase classname="Santanu.SeleniumFrameWorkDesign.tests.ErrorValidation" name="loginErrorValidations" time="0.0">
    <ignored/>
  </testcase> <!-- loginErrorValidations -->
</testsuite>
