<?xml version="1.0" encoding="UTF-8"?>
<!-- Generated by org.testng.reporters.JUnitXMLReporter -->
<testsuite ignored="0" hostname="Santanu" failures="0" tests="2" name="Error Validations Test" time="25.297" errors="0" timestamp="2023-11-12T02:29:44 IST">
  <testcase classname="Santanu.SeleniumFrameWorkDesign.tests.ErrorValidation" name="loginErrorValidations" time="1.061"/>
  <testcase classname="Santanu.SeleniumFrameWorkDesign.tests.ErrorValidation" name="productPageErrorValidations" time="12.67"/>
</testsuite> <!-- Error Validations Test -->
