<?xml version="1.0" encoding="UTF-8"?>
<!-- Generated by org.testng.reporters.JUnitXMLReporter -->
<testsuite ignored="0" hostname="Santanu" failures="0" tests="4" name="Submit Order Test" time="42.892" errors="0" timestamp="2023-11-12T02:30:01 IST">
  <testcase classname="Santanu.SeleniumFrameWorkDesign.tests.SubmitOrder" name="submitOrder" time="16.606"/>
  <testcase classname="Santanu.SeleniumFrameWorkDesign.tests.SubmitOrder" name="submitOrder" time="6.086"/>
  <testcase classname="Santanu.SeleniumFrameWorkDesign.tests.SubmitOrder" name="orderHistoryTest" time="0.789"/>
  <testcase classname="Santanu.SeleniumFrameWorkDesign.tests.SubmitOrder" name="orderHistoryTest" time="0.797"/>
</testsuite> <!-- Submit Order Test -->
