<?xml version="1.0" encoding="UTF-8"?>
<!-- Generated by org.testng.reporters.JUnitXMLReporter -->
<testsuite ignored="1" hostname="Santanu" failures="0" tests="2" name="Submit Order Test" time="43.335" errors="0" timestamp="2023-11-11T03:05:27 IST">
  <testcase classname="Santanu.SeleniumFrameWorkDesign.tests.SubmitOrder" name="submitOrder" time="16.495"/>
  <testcase classname="Santanu.SeleniumFrameWorkDesign.tests.SubmitOrder" name="submitOrder" time="16.385"/>
  <testcase classname="Santanu.SeleniumFrameWorkDesign.tests.SubmitOrder" name="orderHistoryTest" time="0.0">
    <ignored/>
  </testcase> <!-- orderHistoryTest -->
</testsuite> <!-- Submit Order Test -->
