<?xml version="1.0" encoding="UTF-8"?>
<testng-results ignored="3" total="5" passed="2" failed="0" skipped="0">
  <reporter-output>
  </reporter-output>
  <suite started-at="2023-11-11T18:49:33 IST" name="Suite" finished-at="2023-11-11T18:50:11 IST" duration-ms="37559">
    <groups>
      <group name="Purchase">
        <method signature="SubmitOrder.submitOrder(java.util.HashMap)[pri:0, instance:Santanu.SeleniumFrameWorkDesign.tests.SubmitOrder@38c6f217]" name="submitOrder" class="Santanu.SeleniumFrameWorkDesign.tests.SubmitOrder"/>
      </group> <!-- Purchase -->
    </groups>
    <test started-at="2023-11-11T18:49:33 IST" name="Error Validations Test" finished-at="2023-11-11T18:49:33 IST" duration-ms="15">
    </test> <!-- Error Validations Test -->
    <test started-at="2023-11-11T18:49:33 IST" name="Submit Order Test" finished-at="2023-11-11T18:50:11 IST" duration-ms="37559">
      <class name="Santanu.SeleniumFrameWorkDesign.tests.SubmitOrder">
        <test-method is-config="true" signature="launchApplications()[pri:0, instance:Santanu.SeleniumFrameWorkDesign.tests.SubmitOrder@38c6f217]" started-at="2023-11-11T18:49:34 IST" name="launchApplications" finished-at="2023-11-11T18:49:37 IST" duration-ms="2961" status="PASS">
          <reporter-output>
          </reporter-output>
        </test-method> <!-- launchApplications -->
        <test-method signature="submitOrder(java.util.HashMap)[pri:0, instance:Santanu.SeleniumFrameWorkDesign.tests.SubmitOrder@38c6f217]" started-at="2023-11-11T18:49:37 IST" name="submitOrder" data-provider="getData" finished-at="2023-11-11T18:49:53 IST" duration-ms="16013" status="PASS">
          <params>
            <param index="0">
              <value>
                <![CDATA[{password=Rajib@12, countryName=India, email=Rajib123@gmail.com, productName=ZARA COAT 3}]]>
              </value>
            </param>
          </params>
          <reporter-output>
          </reporter-output>
        </test-method> <!-- submitOrder -->
        <test-method is-config="true" signature="tearDown()[pri:0, instance:Santanu.SeleniumFrameWorkDesign.tests.SubmitOrder@38c6f217]" started-at="2023-11-11T18:49:53 IST" name="tearDown" finished-at="2023-11-11T18:49:53 IST" duration-ms="209" status="PASS">
          <reporter-output>
          </reporter-output>
        </test-method> <!-- tearDown -->
        <test-method is-config="true" signature="launchApplications()[pri:0, instance:Santanu.SeleniumFrameWorkDesign.tests.SubmitOrder@38c6f217]" started-at="2023-11-11T18:49:53 IST" name="launchApplications" finished-at="2023-11-11T18:49:55 IST" duration-ms="1895" status="PASS">
          <reporter-output>
          </reporter-output>
        </test-method> <!-- launchApplications -->
        <test-method signature="submitOrder(java.util.HashMap)[pri:0, instance:Santanu.SeleniumFrameWorkDesign.tests.SubmitOrder@38c6f217]" started-at="2023-11-11T18:49:55 IST" name="submitOrder" data-provider="getData" finished-at="2023-11-11T18:50:11 IST" duration-ms="16096" status="PASS">
          <params>
            <param index="0">
              <value>
                <![CDATA[{password=Rohit@12, countryName=India, email=rohit123@gmail.com, productName=ADIDAS ORIGINAL}]]>
              </value>
            </param>
          </params>
          <reporter-output>
          </reporter-output>
        </test-method> <!-- submitOrder -->
        <test-method is-config="true" signature="tearDown()[pri:0, instance:Santanu.SeleniumFrameWorkDesign.tests.SubmitOrder@38c6f217]" started-at="2023-11-11T18:50:11 IST" name="tearDown" finished-at="2023-11-11T18:50:11 IST" duration-ms="207" status="PASS">
          <reporter-output>
          </reporter-output>
        </test-method> <!-- tearDown -->
      </class> <!-- Santanu.SeleniumFrameWorkDesign.tests.SubmitOrder -->
    </test> <!-- Submit Order Test -->
  </suite> <!-- Suite -->
</testng-results>
